<?xml version="1.0" encoding="UTF-8"?>
<!-- Generated by org.testng.reporters.JUnitReportReporter -->
<testsuite hostname="WN01167" failures="0" tests="1" name="tests.BlazeDemoTestCases" time="2.409" errors="0" timestamp="2021-05-21T23:24:11 CEST" skipped="0">
  <testcase classname="tests.BlazeDemoTestCases" name="verifyFlightBookingInBlazeDemo" time="2.409"/>
  <system-out/>
</testsuite> <!-- tests.BlazeDemoTestCases -->
